<?xml version="1.0" encoding="UTF-8"?><testrun name="testMaximo" project="PracticaArrays" tests="3" started="3" failures="0" errors="3" ignored="0">
  <testsuite name="Test.testMaximo" time="0.011" displayname="testMaximo" uniqueid="[engine:junit-jupiter]/[class:Test.testMaximo]">
    <testcase name="testMax1" classname="Test.testMaximo" time="0.006" displayname="testMax1()" uniqueid="[engine:junit-jupiter]/[class:Test.testMaximo]/[method:testMax1()]">
      <error>java.lang.Error: Unresolved compilation problem: 
	Syntax error, insert "}" to complete ClassBody
&#13;
	at Test.testMaximo.&lt;init&gt;(testMaximo.java:42)&#13;
	at java.base/java.lang.reflect.Constructor.newInstanceWithCaller(Constructor.java:499)&#13;
	at java.base/java.lang.reflect.Constructor.newInstance(Constructor.java:480)&#13;
	at java.base/java.util.Optional.orElseGet(Optional.java:364)&#13;
	at java.base/java.util.ArrayList.forEach(ArrayList.java:1511)&#13;
	at java.base/java.util.ArrayList.forEach(ArrayList.java:1511)&#13;
&#13;
</error>
    </testcase>
    <testcase name="testMax2" classname="Test.testMaximo" time="0.003" displayname="testMax2()" uniqueid="[engine:junit-jupiter]/[class:Test.testMaximo]/[method:testMax2()]">
      <error>java.lang.Error: Unresolved compilation problem: 
	Syntax error, insert "}" to complete ClassBody
&#13;
	at Test.testMaximo.&lt;init&gt;(testMaximo.java:42)&#13;
	at java.base/java.lang.reflect.Constructor.newInstanceWithCaller(Constructor.java:499)&#13;
	at java.base/java.lang.reflect.Constructor.newInstance(Constructor.java:480)&#13;
	at java.base/java.util.Optional.orElseGet(Optional.java:364)&#13;
	at java.base/java.util.ArrayList.forEach(ArrayList.java:1511)&#13;
	at java.base/java.util.ArrayList.forEach(ArrayList.java:1511)&#13;
&#13;
</error>
    </testcase>
    <testcase name="testNotaMaximaArrayVacio" classname="Test.testMaximo" time="0.002" displayname="testNotaMaximaArrayVacio()" uniqueid="[engine:junit-jupiter]/[class:Test.testMaximo]/[method:testNotaMaximaArrayVacio()]">
      <error>java.lang.Error: Unresolved compilation problem: 
	Syntax error, insert "}" to complete ClassBody
&#13;
	at Test.testMaximo.&lt;init&gt;(testMaximo.java:42)&#13;
	at java.base/java.lang.reflect.Constructor.newInstanceWithCaller(Constructor.java:499)&#13;
	at java.base/java.lang.reflect.Constructor.newInstance(Constructor.java:480)&#13;
	at java.base/java.util.Optional.orElseGet(Optional.java:364)&#13;
	at java.base/java.util.ArrayList.forEach(ArrayList.java:1511)&#13;
	at java.base/java.util.ArrayList.forEach(ArrayList.java:1511)&#13;
&#13;
</error>
    </testcase>
  </testsuite>
</testrun>
